{"C:\\Users\\mdanyliu\\Documents\\myDev\\Simple-mortgage-calc\\src\\App.js": {"path":"C:\\Users\\mdanyliu\\Documents\\myDev\\Simple-mortgage-calc\\src\\App.js","statementMap":{"0":{"start":{"line":8,"column":2},"end":{"line":28,"column":3}}},"fnMap":{"0":{"name":"App","decl":{"start":{"line":7,"column":9},"end":{"line":7,"column":12}},"loc":{"start":{"line":7,"column":15},"end":{"line":29,"column":1}},"line":7}},"branchMap":{},"s":{"0":0},"f":{"0":0},"b":{}}
,"C:\\Users\\mdanyliu\\Documents\\myDev\\Simple-mortgage-calc\\src\\index.js": {"path":"C:\\Users\\mdanyliu\\Documents\\myDev\\Simple-mortgage-calc\\src\\index.js","statementMap":{"0":{"start":{"line":11,"column":18},"end":{"line":11,"column":49}},"1":{"start":{"line":12,"column":13},"end":{"line":12,"column":34}},"2":{"start":{"line":14,"column":0},"end":{"line":22,"column":1}}},"fnMap":{},"branchMap":{},"s":{"0":0,"1":0,"2":0},"f":{},"b":{}}
,"C:\\Users\\mdanyliu\\Documents\\myDev\\Simple-mortgage-calc\\src\\components\\BankCard\\index.jsx": {"path":"C:\\Users\\mdanyliu\\Documents\\myDev\\Simple-mortgage-calc\\src\\components\\BankCard\\index.jsx","statementMap":{"0":{"start":{"line":10,"column":25},"end":{"line":27,"column":4}},"1":{"start":{"line":30,"column":36},"end":{"line":36,"column":6}},"2":{"start":{"line":37,"column":50},"end":{"line":37,"column":68}},"3":{"start":{"line":39,"column":18},"end":{"line":39,"column":42}},"4":{"start":{"line":40,"column":21},"end":{"line":40,"column":34}},"5":{"start":{"line":41,"column":19},"end":{"line":41,"column":27}},"6":{"start":{"line":43,"column":25},"end":{"line":50,"column":5}},"7":{"start":{"line":44,"column":32},"end":{"line":44,"column":40}},"8":{"start":{"line":45,"column":8},"end":{"line":48,"column":11}},"9":{"start":{"line":45,"column":29},"end":{"line":48,"column":9}},"10":{"start":{"line":49,"column":8},"end":{"line":49,"column":30}},"11":{"start":{"line":52,"column":25},"end":{"line":78,"column":5}},"12":{"start":{"line":53,"column":8},"end":{"line":53,"column":26}},"13":{"start":{"line":54,"column":8},"end":{"line":54,"column":30}},"14":{"start":{"line":56,"column":27},"end":{"line":57,"column":74}},"15":{"start":{"line":57,"column":10},"end":{"line":57,"column":74}},"16":{"start":{"line":57,"column":26},"end":{"line":57,"column":73}},"17":{"start":{"line":59,"column":8},"end":{"line":77,"column":9}},"18":{"start":{"line":60,"column":30},"end":{"line":60,"column":94}},"19":{"start":{"line":62,"column":12},"end":{"line":65,"column":13}},"20":{"start":{"line":63,"column":16},"end":{"line":63,"column":73}},"21":{"start":{"line":64,"column":16},"end":{"line":64,"column":22}},"22":{"start":{"line":67,"column":12},"end":{"line":67,"column":74}},"23":{"start":{"line":68,"column":12},"end":{"line":68,"column":26}},"24":{"start":{"line":69,"column":12},"end":{"line":69,"column":19}},"25":{"start":{"line":72,"column":12},"end":{"line":75,"column":13}},"26":{"start":{"line":73,"column":16},"end":{"line":73,"column":51}},"27":{"start":{"line":74,"column":16},"end":{"line":74,"column":22}},"28":{"start":{"line":76,"column":12},"end":{"line":76,"column":71}},"29":{"start":{"line":80,"column":18},"end":{"line":89,"column":5}},"30":{"start":{"line":81,"column":8},"end":{"line":87,"column":10}},"31":{"start":{"line":88,"column":8},"end":{"line":88,"column":30}},"32":{"start":{"line":91,"column":27},"end":{"line":97,"column":5}},"33":{"start":{"line":92,"column":22},"end":{"line":92,"column":29}},"34":{"start":{"line":94,"column":8},"end":{"line":96,"column":9}},"35":{"start":{"line":95,"column":10},"end":{"line":95,"column":33}},"36":{"start":{"line":99,"column":4},"end":{"line":175,"column":5}}},"fnMap":{"0":{"name":"NewBankCard","decl":{"start":{"line":29,"column":9},"end":{"line":29,"column":20}},"loc":{"start":{"line":29,"column":39},"end":{"line":176,"column":1}},"line":29},"1":{"name":"(anonymous_1)","decl":{"start":{"line":43,"column":25},"end":{"line":43,"column":26}},"loc":{"start":{"line":43,"column":30},"end":{"line":50,"column":5}},"line":43},"2":{"name":"(anonymous_2)","decl":{"start":{"line":45,"column":20},"end":{"line":45,"column":21}},"loc":{"start":{"line":45,"column":29},"end":{"line":48,"column":9}},"line":45},"3":{"name":"(anonymous_3)","decl":{"start":{"line":52,"column":25},"end":{"line":52,"column":26}},"loc":{"start":{"line":52,"column":36},"end":{"line":78,"column":5}},"line":52},"4":{"name":"(anonymous_4)","decl":{"start":{"line":56,"column":27},"end":{"line":56,"column":28}},"loc":{"start":{"line":57,"column":10},"end":{"line":57,"column":74}},"line":57},"5":{"name":"(anonymous_5)","decl":{"start":{"line":57,"column":21},"end":{"line":57,"column":22}},"loc":{"start":{"line":57,"column":26},"end":{"line":57,"column":73}},"line":57},"6":{"name":"(anonymous_6)","decl":{"start":{"line":80,"column":18},"end":{"line":80,"column":19}},"loc":{"start":{"line":80,"column":24},"end":{"line":89,"column":5}},"line":80},"7":{"name":"(anonymous_7)","decl":{"start":{"line":91,"column":27},"end":{"line":91,"column":28}},"loc":{"start":{"line":91,"column":38},"end":{"line":97,"column":5}},"line":91}},"branchMap":{"0":{"loc":{"start":{"line":62,"column":12},"end":{"line":65,"column":13}},"type":"if","locations":[{"start":{"line":62,"column":12},"end":{"line":65,"column":13}},{"start":{},"end":{}}],"line":62},"1":{"loc":{"start":{"line":72,"column":12},"end":{"line":75,"column":13}},"type":"if","locations":[{"start":{"line":72,"column":12},"end":{"line":75,"column":13}},{"start":{},"end":{}}],"line":72},"2":{"loc":{"start":{"line":94,"column":8},"end":{"line":96,"column":9}},"type":"if","locations":[{"start":{"line":94,"column":8},"end":{"line":96,"column":9}},{"start":{},"end":{}}],"line":94},"3":{"loc":{"start":{"line":101,"column":13},"end":{"line":105,"column":13}},"type":"binary-expr","locations":[{"start":{"line":101,"column":13},"end":{"line":101,"column":28}},{"start":{"line":102,"column":14},"end":{"line":104,"column":22}}],"line":101}},"s":{"0":2,"1":35,"2":35,"3":35,"4":35,"5":35,"6":35,"7":22,"8":22,"9":22,"10":22,"11":35,"12":5,"13":5,"14":5,"15":1,"16":1,"17":5,"18":5,"19":1,"20":1,"21":1,"22":0,"23":0,"24":0,"25":4,"26":4,"27":4,"28":0,"29":35,"30":0,"31":0,"32":35,"33":0,"34":0,"35":0,"36":35},"f":{"0":35,"1":22,"2":22,"3":5,"4":1,"5":1,"6":0,"7":0},"b":{"0":[1,0],"1":[4,0],"2":[0,0],"3":[35,5]},"_coverageSchema":"1a1c01bbd47fc00a2c39e90264f33305004495a9","hash":"c8d161103843e15f1d47ca3a522f703278bb69ab"}
,"C:\\Users\\mdanyliu\\Documents\\myDev\\Simple-mortgage-calc\\src\\components\\ErrorBoundary\\index.jsx": {"path":"C:\\Users\\mdanyliu\\Documents\\myDev\\Simple-mortgage-calc\\src\\components\\ErrorBoundary\\index.jsx","statementMap":{"0":{"start":{"line":6,"column":4},"end":{"line":6,"column":17}},"1":{"start":{"line":7,"column":4},"end":{"line":7,"column":67}},"2":{"start":{"line":11,"column":4},"end":{"line":11,"column":30}},"3":{"start":{"line":15,"column":4},"end":{"line":18,"column":7}},"4":{"start":{"line":21,"column":4},"end":{"line":23,"column":5}},"5":{"start":{"line":22,"column":6},"end":{"line":22,"column":67}},"6":{"start":{"line":26,"column":16},"end":{"line":28,"column":3}},"7":{"start":{"line":27,"column":4},"end":{"line":27,"column":69}},"8":{"start":{"line":31,"column":4},"end":{"line":76,"column":5}},"9":{"start":{"line":32,"column":6},"end":{"line":75,"column":8}},"10":{"start":{"line":50,"column":29},"end":{"line":50,"column":53}},"11":{"start":{"line":78,"column":4},"end":{"line":78,"column":31}}},"fnMap":{"0":{"name":"(anonymous_0)","decl":{"start":{"line":5,"column":2},"end":{"line":5,"column":3}},"loc":{"start":{"line":5,"column":21},"end":{"line":8,"column":3}},"line":5},"1":{"name":"(anonymous_1)","decl":{"start":{"line":10,"column":2},"end":{"line":10,"column":3}},"loc":{"start":{"line":10,"column":41},"end":{"line":12,"column":3}},"line":10},"2":{"name":"(anonymous_2)","decl":{"start":{"line":14,"column":2},"end":{"line":14,"column":3}},"loc":{"start":{"line":14,"column":38},"end":{"line":24,"column":3}},"line":14},"3":{"name":"(anonymous_3)","decl":{"start":{"line":26,"column":16},"end":{"line":26,"column":17}},"loc":{"start":{"line":26,"column":22},"end":{"line":28,"column":3}},"line":26},"4":{"name":"(anonymous_4)","decl":{"start":{"line":30,"column":2},"end":{"line":30,"column":3}},"loc":{"start":{"line":30,"column":11},"end":{"line":79,"column":3}},"line":30},"5":{"name":"(anonymous_5)","decl":{"start":{"line":50,"column":23},"end":{"line":50,"column":24}},"loc":{"start":{"line":50,"column":29},"end":{"line":50,"column":53}},"line":50}},"branchMap":{"0":{"loc":{"start":{"line":21,"column":4},"end":{"line":23,"column":5}},"type":"if","locations":[{"start":{"line":21,"column":4},"end":{"line":23,"column":5}},{"start":{},"end":{}}],"line":21},"1":{"loc":{"start":{"line":31,"column":4},"end":{"line":76,"column":5}},"type":"if","locations":[{"start":{"line":31,"column":4},"end":{"line":76,"column":5}},{"start":{},"end":{}}],"line":31},"2":{"loc":{"start":{"line":56,"column":11},"end":{"line":73,"column":11}},"type":"binary-expr","locations":[{"start":{"line":56,"column":11},"end":{"line":56,"column":49}},{"start":{"line":56,"column":53},"end":{"line":56,"column":69}},{"start":{"line":57,"column":12},"end":{"line":72,"column":18}}],"line":56}},"s":{"0":9,"1":8,"2":8,"3":8,"4":8,"5":2,"6":8,"7":1,"8":26,"9":17,"10":0,"11":9},"f":{"0":9,"1":8,"2":8,"3":1,"4":26,"5":0},"b":{"0":[2,6],"1":[17,9],"2":[17,4,2]},"_coverageSchema":"1a1c01bbd47fc00a2c39e90264f33305004495a9","hash":"83e2d76b1eb6c2c5b3962f70d0df0c91d6e3c4db"}
,"C:\\Users\\mdanyliu\\Documents\\myDev\\Simple-mortgage-calc\\src\\hooks\\useAuth\\index.js": {"path":"C:\\Users\\mdanyliu\\Documents\\myDev\\Simple-mortgage-calc\\src\\hooks\\useAuth\\index.js","statementMap":{"0":{"start":{"line":5,"column":2},"end":{"line":5,"column":32}}},"fnMap":{"0":{"name":"useAuth","decl":{"start":{"line":4,"column":9},"end":{"line":4,"column":16}},"loc":{"start":{"line":4,"column":19},"end":{"line":6,"column":1}},"line":4}},"branchMap":{},"s":{"0":0},"f":{"0":0},"b":{}}
,"C:\\Users\\mdanyliu\\Documents\\myDev\\Simple-mortgage-calc\\src\\pages\\Banks\\index.jsx": {"path":"C:\\Users\\mdanyliu\\Documents\\myDev\\Simple-mortgage-calc\\src\\pages\\Banks\\index.jsx","statementMap":{"0":{"start":{"line":27,"column":16},"end":{"line":27,"column":55}},"1":{"start":{"line":28,"column":20},"end":{"line":28,"column":58}},"2":{"start":{"line":29,"column":16},"end":{"line":29,"column":52}},"3":{"start":{"line":30,"column":19},"end":{"line":30,"column":32}},"4":{"start":{"line":32,"column":36},"end":{"line":32,"column":57}},"5":{"start":{"line":34,"column":2},"end":{"line":36,"column":17}},"6":{"start":{"line":35,"column":4},"end":{"line":35,"column":43}},"7":{"start":{"line":38,"column":26},"end":{"line":40,"column":3}},"8":{"start":{"line":39,"column":4},"end":{"line":39,"column":23}},"9":{"start":{"line":42,"column":27},"end":{"line":44,"column":3}},"10":{"start":{"line":43,"column":4},"end":{"line":43,"column":24}},"11":{"start":{"line":46,"column":27},"end":{"line":50,"column":3}},"12":{"start":{"line":47,"column":4},"end":{"line":49,"column":5}},"13":{"start":{"line":48,"column":6},"end":{"line":48,"column":51}},"14":{"start":{"line":52,"column":2},"end":{"line":58,"column":3}},"15":{"start":{"line":53,"column":4},"end":{"line":57,"column":6}},"16":{"start":{"line":60,"column":2},"end":{"line":152,"column":4}},"17":{"start":{"line":120,"column":16},"end":{"line":145,"column":27}},"18":{"start":{"line":137,"column":39},"end":{"line":137,"column":59}}},"fnMap":{"0":{"name":"Banks","decl":{"start":{"line":26,"column":9},"end":{"line":26,"column":14}},"loc":{"start":{"line":26,"column":17},"end":{"line":153,"column":1}},"line":26},"1":{"name":"(anonymous_1)","decl":{"start":{"line":34,"column":12},"end":{"line":34,"column":13}},"loc":{"start":{"line":34,"column":18},"end":{"line":36,"column":3}},"line":34},"2":{"name":"(anonymous_2)","decl":{"start":{"line":38,"column":26},"end":{"line":38,"column":27}},"loc":{"start":{"line":38,"column":32},"end":{"line":40,"column":3}},"line":38},"3":{"name":"(anonymous_3)","decl":{"start":{"line":42,"column":27},"end":{"line":42,"column":28}},"loc":{"start":{"line":42,"column":33},"end":{"line":44,"column":3}},"line":42},"4":{"name":"(anonymous_4)","decl":{"start":{"line":46,"column":27},"end":{"line":46,"column":28}},"loc":{"start":{"line":46,"column":39},"end":{"line":50,"column":3}},"line":46},"5":{"name":"(anonymous_5)","decl":{"start":{"line":119,"column":25},"end":{"line":119,"column":26}},"loc":{"start":{"line":120,"column":16},"end":{"line":145,"column":27}},"line":120},"6":{"name":"(anonymous_6)","decl":{"start":{"line":137,"column":33},"end":{"line":137,"column":34}},"loc":{"start":{"line":137,"column":39},"end":{"line":137,"column":59}},"line":137}},"branchMap":{"0":{"loc":{"start":{"line":47,"column":4},"end":{"line":49,"column":5}},"type":"if","locations":[{"start":{"line":47,"column":4},"end":{"line":49,"column":5}},{"start":{},"end":{}}],"line":47},"1":{"loc":{"start":{"line":52,"column":2},"end":{"line":58,"column":3}},"type":"if","locations":[{"start":{"line":52,"column":2},"end":{"line":58,"column":3}},{"start":{},"end":{}}],"line":52},"2":{"loc":{"start":{"line":76,"column":7},"end":{"line":80,"column":7}},"type":"binary-expr","locations":[{"start":{"line":76,"column":7},"end":{"line":76,"column":12}},{"start":{"line":77,"column":8},"end":{"line":79,"column":16}}],"line":76},"3":{"loc":{"start":{"line":82,"column":7},"end":{"line":84,"column":7}},"type":"binary-expr","locations":[{"start":{"line":82,"column":7},"end":{"line":82,"column":16}},{"start":{"line":83,"column":8},"end":{"line":83,"column":56}}],"line":82},"4":{"loc":{"start":{"line":86,"column":7},"end":{"line":150,"column":7}},"type":"cond-expr","locations":[{"start":{"line":87,"column":8},"end":{"line":91,"column":16}},{"start":{"line":93,"column":8},"end":{"line":149,"column":25}}],"line":86},"5":{"loc":{"start":{"line":86,"column":7},"end":{"line":86,"column":39}},"type":"binary-expr","locations":[{"start":{"line":86,"column":7},"end":{"line":86,"column":25}},{"start":{"line":86,"column":29},"end":{"line":86,"column":39}}],"line":86}},"s":{"0":13,"1":12,"2":12,"3":12,"4":12,"5":12,"6":1,"7":12,"8":0,"9":12,"10":0,"11":12,"12":0,"13":0,"14":12,"15":1,"16":11,"17":20,"18":0},"f":{"0":13,"1":1,"2":0,"3":0,"4":0,"5":20,"6":0},"b":{"0":[0,0],"1":[1,11],"2":[11,1],"3":[11,0],"4":[1,10],"5":[11,1]},"_coverageSchema":"1a1c01bbd47fc00a2c39e90264f33305004495a9","hash":"88edcf9b7761d19b52600b5146400ebba0daa7a4"}
,"C:\\Users\\mdanyliu\\Documents\\myDev\\Simple-mortgage-calc\\src\\pages\\Calc\\index.jsx": {"path":"C:\\Users\\mdanyliu\\Documents\\myDev\\Simple-mortgage-calc\\src\\pages\\Calc\\index.jsx","statementMap":{"0":{"start":{"line":23,"column":32},"end":{"line":33,"column":1}},"1":{"start":{"line":24,"column":2},"end":{"line":24,"column":52}},"2":{"start":{"line":24,"column":43},"end":{"line":24,"column":52}},"3":{"start":{"line":26,"column":22},"end":{"line":26,"column":43}},"4":{"start":{"line":27,"column":27},"end":{"line":27,"column":37}},"5":{"start":{"line":29,"column":2},"end":{"line":29,"column":61}},"6":{"start":{"line":29,"column":25},"end":{"line":29,"column":61}},"7":{"start":{"line":31,"column":2},"end":{"line":32,"column":59}},"8":{"start":{"line":36,"column":16},"end":{"line":36,"column":55}},"9":{"start":{"line":37,"column":20},"end":{"line":37,"column":58}},"10":{"start":{"line":38,"column":16},"end":{"line":38,"column":52}},"11":{"start":{"line":39,"column":19},"end":{"line":39,"column":32}},"12":{"start":{"line":41,"column":34},"end":{"line":46,"column":4}},"13":{"start":{"line":47,"column":42},"end":{"line":47,"column":53}},"14":{"start":{"line":48,"column":36},"end":{"line":48,"column":48}},"15":{"start":{"line":49,"column":48},"end":{"line":49,"column":60}},"16":{"start":{"line":50,"column":32},"end":{"line":50,"column":44}},"17":{"start":{"line":52,"column":2},"end":{"line":54,"column":17}},"18":{"start":{"line":53,"column":4},"end":{"line":53,"column":43}},"19":{"start":{"line":56,"column":28},"end":{"line":63,"column":3}},"20":{"start":{"line":57,"column":4},"end":{"line":60,"column":8}},"21":{"start":{"line":57,"column":25},"end":{"line":60,"column":5}},"22":{"start":{"line":61,"column":4},"end":{"line":61,"column":27}},"23":{"start":{"line":62,"column":4},"end":{"line":62,"column":19}},"24":{"start":{"line":65,"column":27},"end":{"line":78,"column":3}},"25":{"start":{"line":66,"column":29},"end":{"line":66,"column":43}},"26":{"start":{"line":67,"column":4},"end":{"line":67,"column":35}},"27":{"start":{"line":69,"column":25},"end":{"line":69,"column":79}},"28":{"start":{"line":69,"column":44},"end":{"line":69,"column":78}},"29":{"start":{"line":70,"column":4},"end":{"line":77,"column":5}},"30":{"start":{"line":71,"column":6},"end":{"line":76,"column":9}},"31":{"start":{"line":80,"column":23},"end":{"line":113,"column":3}},"32":{"start":{"line":81,"column":60},"end":{"line":81,"column":68}},"33":{"start":{"line":83,"column":4},"end":{"line":86,"column":5}},"34":{"start":{"line":84,"column":6},"end":{"line":84,"column":52}},"35":{"start":{"line":85,"column":6},"end":{"line":85,"column":19}},"36":{"start":{"line":88,"column":4},"end":{"line":91,"column":5}},"37":{"start":{"line":89,"column":6},"end":{"line":89,"column":69}},"38":{"start":{"line":90,"column":6},"end":{"line":90,"column":19}},"39":{"start":{"line":93,"column":4},"end":{"line":96,"column":5}},"40":{"start":{"line":94,"column":6},"end":{"line":94,"column":64}},"41":{"start":{"line":95,"column":6},"end":{"line":95,"column":19}},"42":{"start":{"line":98,"column":4},"end":{"line":101,"column":5}},"43":{"start":{"line":99,"column":6},"end":{"line":99,"column":60}},"44":{"start":{"line":100,"column":6},"end":{"line":100,"column":19}},"45":{"start":{"line":103,"column":4},"end":{"line":106,"column":5}},"46":{"start":{"line":104,"column":6},"end":{"line":104,"column":61}},"47":{"start":{"line":105,"column":6},"end":{"line":105,"column":19}},"48":{"start":{"line":108,"column":4},"end":{"line":110,"column":5}},"49":{"start":{"line":109,"column":6},"end":{"line":109,"column":59}},"50":{"start":{"line":112,"column":4},"end":{"line":112,"column":16}},"51":{"start":{"line":115,"column":26},"end":{"line":128,"column":3}},"52":{"start":{"line":116,"column":4},"end":{"line":116,"column":23}},"53":{"start":{"line":118,"column":4},"end":{"line":118,"column":32}},"54":{"start":{"line":118,"column":25},"end":{"line":118,"column":32}},"55":{"start":{"line":120,"column":47},"end":{"line":120,"column":55}},"56":{"start":{"line":121,"column":20},"end":{"line":125,"column":5}},"57":{"start":{"line":127,"column":4},"end":{"line":127,"column":29}},"58":{"start":{"line":130,"column":22},"end":{"line":141,"column":3}},"59":{"start":{"line":131,"column":4},"end":{"line":136,"column":7}},"60":{"start":{"line":137,"column":4},"end":{"line":137,"column":23}},"61":{"start":{"line":138,"column":4},"end":{"line":138,"column":21}},"62":{"start":{"line":139,"column":4},"end":{"line":139,"column":27}},"63":{"start":{"line":140,"column":4},"end":{"line":140,"column":19}},"64":{"start":{"line":143,"column":2},"end":{"line":149,"column":3}},"65":{"start":{"line":144,"column":4},"end":{"line":148,"column":6}},"66":{"start":{"line":151,"column":2},"end":{"line":157,"column":3}},"67":{"start":{"line":152,"column":4},"end":{"line":156,"column":6}},"68":{"start":{"line":159,"column":2},"end":{"line":277,"column":4}},"69":{"start":{"line":176,"column":16},"end":{"line":176,"column":73}},"70":{"start":{"line":199,"column":35},"end":{"line":199,"column":83}},"71":{"start":{"line":210,"column":35},"end":{"line":210,"column":83}},"72":{"start":{"line":221,"column":35},"end":{"line":221,"column":80}},"73":{"start":{"line":232,"column":35},"end":{"line":232,"column":79}}},"fnMap":{"0":{"name":"(anonymous_0)","decl":{"start":{"line":23,"column":32},"end":{"line":23,"column":33}},"loc":{"start":{"line":23,"column":66},"end":{"line":33,"column":1}},"line":23},"1":{"name":"Calc","decl":{"start":{"line":35,"column":9},"end":{"line":35,"column":13}},"loc":{"start":{"line":35,"column":16},"end":{"line":278,"column":1}},"line":35},"2":{"name":"(anonymous_2)","decl":{"start":{"line":52,"column":12},"end":{"line":52,"column":13}},"loc":{"start":{"line":52,"column":18},"end":{"line":54,"column":3}},"line":52},"3":{"name":"(anonymous_3)","decl":{"start":{"line":56,"column":28},"end":{"line":56,"column":29}},"loc":{"start":{"line":56,"column":46},"end":{"line":63,"column":3}},"line":56},"4":{"name":"(anonymous_4)","decl":{"start":{"line":57,"column":16},"end":{"line":57,"column":17}},"loc":{"start":{"line":57,"column":25},"end":{"line":60,"column":5}},"line":57},"5":{"name":"(anonymous_5)","decl":{"start":{"line":65,"column":27},"end":{"line":65,"column":28}},"loc":{"start":{"line":65,"column":34},"end":{"line":78,"column":3}},"line":65},"6":{"name":"(anonymous_6)","decl":{"start":{"line":69,"column":36},"end":{"line":69,"column":37}},"loc":{"start":{"line":69,"column":44},"end":{"line":69,"column":78}},"line":69},"7":{"name":"(anonymous_7)","decl":{"start":{"line":80,"column":23},"end":{"line":80,"column":24}},"loc":{"start":{"line":80,"column":29},"end":{"line":113,"column":3}},"line":80},"8":{"name":"(anonymous_8)","decl":{"start":{"line":115,"column":26},"end":{"line":115,"column":27}},"loc":{"start":{"line":115,"column":33},"end":{"line":128,"column":3}},"line":115},"9":{"name":"(anonymous_9)","decl":{"start":{"line":130,"column":22},"end":{"line":130,"column":23}},"loc":{"start":{"line":130,"column":28},"end":{"line":141,"column":3}},"line":130},"10":{"name":"(anonymous_10)","decl":{"start":{"line":175,"column":25},"end":{"line":175,"column":26}},"loc":{"start":{"line":176,"column":16},"end":{"line":176,"column":73}},"line":176},"11":{"name":"(anonymous_11)","decl":{"start":{"line":199,"column":28},"end":{"line":199,"column":29}},"loc":{"start":{"line":199,"column":35},"end":{"line":199,"column":83}},"line":199},"12":{"name":"(anonymous_12)","decl":{"start":{"line":210,"column":28},"end":{"line":210,"column":29}},"loc":{"start":{"line":210,"column":35},"end":{"line":210,"column":83}},"line":210},"13":{"name":"(anonymous_13)","decl":{"start":{"line":221,"column":28},"end":{"line":221,"column":29}},"loc":{"start":{"line":221,"column":35},"end":{"line":221,"column":80}},"line":221},"14":{"name":"(anonymous_14)","decl":{"start":{"line":232,"column":28},"end":{"line":232,"column":29}},"loc":{"start":{"line":232,"column":35},"end":{"line":232,"column":79}},"line":232}},"branchMap":{"0":{"loc":{"start":{"line":24,"column":2},"end":{"line":24,"column":52}},"type":"if","locations":[{"start":{"line":24,"column":2},"end":{"line":24,"column":52}},{"start":{},"end":{}}],"line":24},"1":{"loc":{"start":{"line":24,"column":6},"end":{"line":24,"column":41}},"type":"binary-expr","locations":[{"start":{"line":24,"column":6},"end":{"line":24,"column":16}},{"start":{"line":24,"column":20},"end":{"line":24,"column":31}},{"start":{"line":24,"column":35},"end":{"line":24,"column":41}}],"line":24},"2":{"loc":{"start":{"line":29,"column":2},"end":{"line":29,"column":61}},"type":"if","locations":[{"start":{"line":29,"column":2},"end":{"line":29,"column":61}},{"start":{},"end":{}}],"line":29},"3":{"loc":{"start":{"line":70,"column":4},"end":{"line":77,"column":5}},"type":"if","locations":[{"start":{"line":70,"column":4},"end":{"line":77,"column":5}},{"start":{},"end":{}}],"line":70},"4":{"loc":{"start":{"line":83,"column":4},"end":{"line":86,"column":5}},"type":"if","locations":[{"start":{"line":83,"column":4},"end":{"line":86,"column":5}},{"start":{},"end":{}}],"line":83},"5":{"loc":{"start":{"line":83,"column":8},"end":{"line":83,"column":61}},"type":"binary-expr","locations":[{"start":{"line":83,"column":8},"end":{"line":83,"column":20}},{"start":{"line":83,"column":24},"end":{"line":83,"column":36}},{"start":{"line":83,"column":40},"end":{"line":83,"column":49}},{"start":{"line":83,"column":53},"end":{"line":83,"column":61}}],"line":83},"6":{"loc":{"start":{"line":88,"column":4},"end":{"line":91,"column":5}},"type":"if","locations":[{"start":{"line":88,"column":4},"end":{"line":91,"column":5}},{"start":{},"end":{}}],"line":88},"7":{"loc":{"start":{"line":88,"column":8},"end":{"line":88,"column":60}},"type":"binary-expr","locations":[{"start":{"line":88,"column":8},"end":{"line":88,"column":33}},{"start":{"line":88,"column":37},"end":{"line":88,"column":60}}],"line":88},"8":{"loc":{"start":{"line":93,"column":4},"end":{"line":96,"column":5}},"type":"if","locations":[{"start":{"line":93,"column":4},"end":{"line":96,"column":5}},{"start":{},"end":{}}],"line":93},"9":{"loc":{"start":{"line":98,"column":4},"end":{"line":101,"column":5}},"type":"if","locations":[{"start":{"line":98,"column":4},"end":{"line":101,"column":5}},{"start":{},"end":{}}],"line":98},"10":{"loc":{"start":{"line":103,"column":4},"end":{"line":106,"column":5}},"type":"if","locations":[{"start":{"line":103,"column":4},"end":{"line":106,"column":5}},{"start":{},"end":{}}],"line":103},"11":{"loc":{"start":{"line":108,"column":4},"end":{"line":110,"column":5}},"type":"if","locations":[{"start":{"line":108,"column":4},"end":{"line":110,"column":5}},{"start":{},"end":{}}],"line":108},"12":{"loc":{"start":{"line":118,"column":4},"end":{"line":118,"column":32}},"type":"if","locations":[{"start":{"line":118,"column":4},"end":{"line":118,"column":32}},{"start":{},"end":{}}],"line":118},"13":{"loc":{"start":{"line":143,"column":2},"end":{"line":149,"column":3}},"type":"if","locations":[{"start":{"line":143,"column":2},"end":{"line":149,"column":3}},{"start":{},"end":{}}],"line":143},"14":{"loc":{"start":{"line":151,"column":2},"end":{"line":157,"column":3}},"type":"if","locations":[{"start":{"line":151,"column":2},"end":{"line":157,"column":3}},{"start":{},"end":{}}],"line":151},"15":{"loc":{"start":{"line":181,"column":11},"end":{"line":185,"column":11}},"type":"binary-expr","locations":[{"start":{"line":181,"column":11},"end":{"line":181,"column":26}},{"start":{"line":182,"column":12},"end":{"line":184,"column":20}}],"line":181},"16":{"loc":{"start":{"line":187,"column":11},"end":{"line":191,"column":11}},"type":"binary-expr","locations":[{"start":{"line":187,"column":11},"end":{"line":187,"column":18}},{"start":{"line":188,"column":12},"end":{"line":190,"column":20}}],"line":187},"17":{"loc":{"start":{"line":268,"column":13},"end":{"line":272,"column":13}},"type":"binary-expr","locations":[{"start":{"line":268,"column":13},"end":{"line":268,"column":29}},{"start":{"line":269,"column":14},"end":{"line":271,"column":27}}],"line":268},"18":{"loc":{"start":{"line":270,"column":67},"end":{"line":270,"column":89}},"type":"binary-expr","locations":[{"start":{"line":270,"column":67},"end":{"line":270,"column":84}},{"start":{"line":270,"column":88},"end":{"line":270,"column":89}}],"line":270}},"s":{"0":1,"1":0,"2":0,"3":0,"4":0,"5":0,"6":0,"7":0,"8":13,"9":12,"10":12,"11":12,"12":12,"13":12,"14":12,"15":12,"16":12,"17":12,"18":12,"19":12,"20":0,"21":0,"22":0,"23":0,"24":12,"25":0,"26":0,"27":0,"28":0,"29":0,"30":0,"31":12,"32":0,"33":0,"34":0,"35":0,"36":0,"37":0,"38":0,"39":0,"40":0,"41":0,"42":0,"43":0,"44":0,"45":0,"46":0,"47":0,"48":0,"49":0,"50":0,"51":12,"52":0,"53":0,"54":0,"55":0,"56":0,"57":0,"58":12,"59":0,"60":0,"61":0,"62":0,"63":0,"64":12,"65":1,"66":11,"67":1,"68":10,"69":10,"70":0,"71":0,"72":0,"73":0},"f":{"0":0,"1":13,"2":12,"3":0,"4":0,"5":0,"6":0,"7":0,"8":0,"9":0,"10":10,"11":0,"12":0,"13":0,"14":0},"b":{"0":[0,0],"1":[0,0,0],"2":[0,0],"3":[0,0],"4":[0,0],"5":[0,0,0,0],"6":[0,0],"7":[0,0],"8":[0,0],"9":[0,0],"10":[0,0],"11":[0,0],"12":[0,0],"13":[1,11],"14":[1,10],"15":[10,0],"16":[10,0],"17":[10,0],"18":[0,0]},"_coverageSchema":"1a1c01bbd47fc00a2c39e90264f33305004495a9","hash":"0cb36f19cc52e9806c0e3eb43e192ce3a8af9b19"}
,"C:\\Users\\mdanyliu\\Documents\\myDev\\Simple-mortgage-calc\\src\\pages\\Home\\index.jsx": {"path":"C:\\Users\\mdanyliu\\Documents\\myDev\\Simple-mortgage-calc\\src\\pages\\Home\\index.jsx","statementMap":{"0":{"start":{"line":10,"column":4},"end":{"line":26,"column":5}}},"fnMap":{"0":{"name":"Home","decl":{"start":{"line":8,"column":9},"end":{"line":8,"column":13}},"loc":{"start":{"line":8,"column":16},"end":{"line":27,"column":1}},"line":8}},"branchMap":{},"s":{"0":0},"f":{"0":0},"b":{}}
,"C:\\Users\\mdanyliu\\Documents\\myDev\\Simple-mortgage-calc\\src\\pages\\Modal\\index.jsx": {"path":"C:\\Users\\mdanyliu\\Documents\\myDev\\Simple-mortgage-calc\\src\\pages\\Modal\\index.jsx","statementMap":{"0":{"start":{"line":7,"column":14},"end":{"line":20,"column":1}},"1":{"start":{"line":23,"column":26},"end":{"line":23,"column":46}},"2":{"start":{"line":25,"column":22},"end":{"line":28,"column":3}},"3":{"start":{"line":26,"column":4},"end":{"line":26,"column":19}},"4":{"start":{"line":27,"column":4},"end":{"line":27,"column":19}},"5":{"start":{"line":30,"column":2},"end":{"line":49,"column":4}}},"fnMap":{"0":{"name":"AddBankModal","decl":{"start":{"line":22,"column":9},"end":{"line":22,"column":21}},"loc":{"start":{"line":22,"column":40},"end":{"line":50,"column":1}},"line":22},"1":{"name":"(anonymous_1)","decl":{"start":{"line":25,"column":22},"end":{"line":25,"column":23}},"loc":{"start":{"line":25,"column":28},"end":{"line":28,"column":3}},"line":25}},"branchMap":{},"s":{"0":1,"1":0,"2":0,"3":0,"4":0,"5":0},"f":{"0":0,"1":0},"b":{},"_coverageSchema":"1a1c01bbd47fc00a2c39e90264f33305004495a9","hash":"69cd2d440a4dd499967cb98f5341b37dd3bf606d"}
,"C:\\Users\\mdanyliu\\Documents\\myDev\\Simple-mortgage-calc\\src\\redux\\store.js": {"path":"C:\\Users\\mdanyliu\\Documents\\myDev\\Simple-mortgage-calc\\src\\redux\\store.js","statementMap":{"0":{"start":{"line":13,"column":14},"end":{"line":24,"column":2}},"1":{"start":{"line":18,"column":4},"end":{"line":22,"column":21}}},"fnMap":{"0":{"name":"(anonymous_0)","decl":{"start":{"line":17,"column":14},"end":{"line":17,"column":15}},"loc":{"start":{"line":18,"column":4},"end":{"line":22,"column":21}},"line":18}},"branchMap":{},"s":{"0":0,"1":0},"f":{"0":0},"b":{}}
,"C:\\Users\\mdanyliu\\Documents\\myDev\\Simple-mortgage-calc\\src\\redux\\banks\\banks-actions.js": {"path":"C:\\Users\\mdanyliu\\Documents\\myDev\\Simple-mortgage-calc\\src\\redux\\banks\\banks-actions.js","statementMap":{"0":{"start":{"line":3,"column":21},"end":{"line":3,"column":49}}},"fnMap":{},"branchMap":{},"s":{"0":2},"f":{},"b":{},"_coverageSchema":"1a1c01bbd47fc00a2c39e90264f33305004495a9","hash":"e75577f6206473860e6d29c04da37c47b30371eb"}
,"C:\\Users\\mdanyliu\\Documents\\myDev\\Simple-mortgage-calc\\src\\redux\\banks\\banks-operations.js": {"path":"C:\\Users\\mdanyliu\\Documents\\myDev\\Simple-mortgage-calc\\src\\redux\\banks\\banks-operations.js","statementMap":{"0":{"start":{"line":4,"column":0},"end":{"line":4,"column":75}},"1":{"start":{"line":6,"column":26},"end":{"line":16,"column":1}},"2":{"start":{"line":9,"column":4},"end":{"line":14,"column":5}},"3":{"start":{"line":10,"column":23},"end":{"line":10,"column":48}},"4":{"start":{"line":11,"column":6},"end":{"line":11,"column":17}},"5":{"start":{"line":13,"column":6},"end":{"line":13,"column":43}},"6":{"start":{"line":18,"column":26},"end":{"line":37,"column":1}},"7":{"start":{"line":24,"column":4},"end":{"line":35,"column":5}},"8":{"start":{"line":25,"column":23},"end":{"line":31,"column":8}},"9":{"start":{"line":32,"column":6},"end":{"line":32,"column":17}},"10":{"start":{"line":34,"column":6},"end":{"line":34,"column":43}},"11":{"start":{"line":39,"column":26},"end":{"line":49,"column":1}},"12":{"start":{"line":42,"column":4},"end":{"line":47,"column":5}},"13":{"start":{"line":43,"column":6},"end":{"line":43,"column":44}},"14":{"start":{"line":44,"column":6},"end":{"line":44,"column":19}},"15":{"start":{"line":46,"column":6},"end":{"line":46,"column":43}}},"fnMap":{"0":{"name":"(anonymous_0)","decl":{"start":{"line":8,"column":2},"end":{"line":8,"column":3}},"loc":{"start":{"line":8,"column":36},"end":{"line":15,"column":3}},"line":8},"1":{"name":"(anonymous_1)","decl":{"start":{"line":20,"column":2},"end":{"line":20,"column":3}},"loc":{"start":{"line":23,"column":7},"end":{"line":36,"column":3}},"line":23},"2":{"name":"(anonymous_2)","decl":{"start":{"line":41,"column":2},"end":{"line":41,"column":3}},"loc":{"start":{"line":41,"column":41},"end":{"line":48,"column":3}},"line":41}},"branchMap":{},"s":{"0":0,"1":0,"2":0,"3":0,"4":0,"5":0,"6":0,"7":0,"8":0,"9":0,"10":0,"11":0,"12":0,"13":0,"14":0,"15":0},"f":{"0":0,"1":0,"2":0},"b":{}}
,"C:\\Users\\mdanyliu\\Documents\\myDev\\Simple-mortgage-calc\\src\\redux\\banks\\banks-reducer.js": {"path":"C:\\Users\\mdanyliu\\Documents\\myDev\\Simple-mortgage-calc\\src\\redux\\banks\\banks-reducer.js","statementMap":{"0":{"start":{"line":5,"column":14},"end":{"line":13,"column":2}},"1":{"start":{"line":6,"column":57},"end":{"line":6,"column":64}},"2":{"start":{"line":7,"column":61},"end":{"line":10,"column":3}},"3":{"start":{"line":12,"column":4},"end":{"line":12,"column":47}},"4":{"start":{"line":12,"column":27},"end":{"line":12,"column":46}},"5":{"start":{"line":15,"column":16},"end":{"line":25,"column":2}},"6":{"start":{"line":16,"column":41},"end":{"line":16,"column":45}},"7":{"start":{"line":17,"column":43},"end":{"line":17,"column":48}},"8":{"start":{"line":18,"column":42},"end":{"line":18,"column":47}},"9":{"start":{"line":19,"column":41},"end":{"line":19,"column":45}},"10":{"start":{"line":20,"column":43},"end":{"line":20,"column":48}},"11":{"start":{"line":21,"column":42},"end":{"line":21,"column":47}},"12":{"start":{"line":22,"column":41},"end":{"line":22,"column":45}},"13":{"start":{"line":23,"column":43},"end":{"line":23,"column":48}},"14":{"start":{"line":24,"column":42},"end":{"line":24,"column":47}},"15":{"start":{"line":27,"column":15},"end":{"line":29,"column":2}},"16":{"start":{"line":28,"column":38},"end":{"line":28,"column":45}},"17":{"start":{"line":31,"column":14},"end":{"line":38,"column":2}},"18":{"start":{"line":32,"column":56},"end":{"line":32,"column":63}},"19":{"start":{"line":33,"column":56},"end":{"line":33,"column":63}},"20":{"start":{"line":34,"column":56},"end":{"line":34,"column":63}},"21":{"start":{"line":35,"column":43},"end":{"line":35,"column":47}},"22":{"start":{"line":36,"column":43},"end":{"line":36,"column":47}},"23":{"start":{"line":37,"column":43},"end":{"line":37,"column":47}}},"fnMap":{"0":{"name":"(anonymous_0)","decl":{"start":{"line":6,"column":37},"end":{"line":6,"column":38}},"loc":{"start":{"line":6,"column":57},"end":{"line":6,"column":64}},"line":6},"1":{"name":"(anonymous_1)","decl":{"start":{"line":7,"column":37},"end":{"line":7,"column":38}},"loc":{"start":{"line":7,"column":61},"end":{"line":10,"column":3}},"line":7},"2":{"name":"(anonymous_2)","decl":{"start":{"line":11,"column":37},"end":{"line":11,"column":38}},"loc":{"start":{"line":12,"column":4},"end":{"line":12,"column":47}},"line":12},"3":{"name":"(anonymous_3)","decl":{"start":{"line":12,"column":17},"end":{"line":12,"column":18}},"loc":{"start":{"line":12,"column":27},"end":{"line":12,"column":46}},"line":12},"4":{"name":"(anonymous_4)","decl":{"start":{"line":16,"column":35},"end":{"line":16,"column":36}},"loc":{"start":{"line":16,"column":41},"end":{"line":16,"column":45}},"line":16},"5":{"name":"(anonymous_5)","decl":{"start":{"line":17,"column":37},"end":{"line":17,"column":38}},"loc":{"start":{"line":17,"column":43},"end":{"line":17,"column":48}},"line":17},"6":{"name":"(anonymous_6)","decl":{"start":{"line":18,"column":36},"end":{"line":18,"column":37}},"loc":{"start":{"line":18,"column":42},"end":{"line":18,"column":47}},"line":18},"7":{"name":"(anonymous_7)","decl":{"start":{"line":19,"column":35},"end":{"line":19,"column":36}},"loc":{"start":{"line":19,"column":41},"end":{"line":19,"column":45}},"line":19},"8":{"name":"(anonymous_8)","decl":{"start":{"line":20,"column":37},"end":{"line":20,"column":38}},"loc":{"start":{"line":20,"column":43},"end":{"line":20,"column":48}},"line":20},"9":{"name":"(anonymous_9)","decl":{"start":{"line":21,"column":36},"end":{"line":21,"column":37}},"loc":{"start":{"line":21,"column":42},"end":{"line":21,"column":47}},"line":21},"10":{"name":"(anonymous_10)","decl":{"start":{"line":22,"column":35},"end":{"line":22,"column":36}},"loc":{"start":{"line":22,"column":41},"end":{"line":22,"column":45}},"line":22},"11":{"name":"(anonymous_11)","decl":{"start":{"line":23,"column":37},"end":{"line":23,"column":38}},"loc":{"start":{"line":23,"column":43},"end":{"line":23,"column":48}},"line":23},"12":{"name":"(anonymous_12)","decl":{"start":{"line":24,"column":36},"end":{"line":24,"column":37}},"loc":{"start":{"line":24,"column":42},"end":{"line":24,"column":47}},"line":24},"13":{"name":"(anonymous_13)","decl":{"start":{"line":28,"column":18},"end":{"line":28,"column":19}},"loc":{"start":{"line":28,"column":38},"end":{"line":28,"column":45}},"line":28},"14":{"name":"(anonymous_14)","decl":{"start":{"line":32,"column":36},"end":{"line":32,"column":37}},"loc":{"start":{"line":32,"column":56},"end":{"line":32,"column":63}},"line":32},"15":{"name":"(anonymous_15)","decl":{"start":{"line":33,"column":36},"end":{"line":33,"column":37}},"loc":{"start":{"line":33,"column":56},"end":{"line":33,"column":63}},"line":33},"16":{"name":"(anonymous_16)","decl":{"start":{"line":34,"column":36},"end":{"line":34,"column":37}},"loc":{"start":{"line":34,"column":56},"end":{"line":34,"column":63}},"line":34},"17":{"name":"(anonymous_17)","decl":{"start":{"line":35,"column":37},"end":{"line":35,"column":38}},"loc":{"start":{"line":35,"column":43},"end":{"line":35,"column":47}},"line":35},"18":{"name":"(anonymous_18)","decl":{"start":{"line":36,"column":37},"end":{"line":36,"column":38}},"loc":{"start":{"line":36,"column":43},"end":{"line":36,"column":47}},"line":36},"19":{"name":"(anonymous_19)","decl":{"start":{"line":37,"column":37},"end":{"line":37,"column":38}},"loc":{"start":{"line":37,"column":43},"end":{"line":37,"column":47}},"line":37}},"branchMap":{},"s":{"0":0,"1":0,"2":0,"3":0,"4":0,"5":0,"6":0,"7":0,"8":0,"9":0,"10":0,"11":0,"12":0,"13":0,"14":0,"15":0,"16":0,"17":0,"18":0,"19":0,"20":0,"21":0,"22":0,"23":0},"f":{"0":0,"1":0,"2":0,"3":0,"4":0,"5":0,"6":0,"7":0,"8":0,"9":0,"10":0,"11":0,"12":0,"13":0,"14":0,"15":0,"16":0,"17":0,"18":0,"19":0},"b":{}}
,"C:\\Users\\mdanyliu\\Documents\\myDev\\Simple-mortgage-calc\\src\\redux\\banks\\banks-selectors.js": {"path":"C:\\Users\\mdanyliu\\Documents\\myDev\\Simple-mortgage-calc\\src\\redux\\banks\\banks-selectors.js","statementMap":{"0":{"start":{"line":1,"column":26},"end":{"line":1,"column":56}},"1":{"start":{"line":1,"column":37},"end":{"line":1,"column":56}},"2":{"start":{"line":3,"column":25},"end":{"line":3,"column":54}},"3":{"start":{"line":3,"column":36},"end":{"line":3,"column":54}},"4":{"start":{"line":5,"column":27},"end":{"line":5,"column":55}},"5":{"start":{"line":5,"column":38},"end":{"line":5,"column":55}},"6":{"start":{"line":7,"column":24},"end":{"line":7,"column":52}},"7":{"start":{"line":7,"column":35},"end":{"line":7,"column":52}},"8":{"start":{"line":9,"column":32},"end":{"line":18,"column":1}},"9":{"start":{"line":10,"column":16},"end":{"line":10,"column":34}},"10":{"start":{"line":11,"column":17},"end":{"line":11,"column":33}},"11":{"start":{"line":13,"column":2},"end":{"line":13,"column":27}},"12":{"start":{"line":13,"column":15},"end":{"line":13,"column":27}},"13":{"start":{"line":15,"column":2},"end":{"line":17,"column":3}},"14":{"start":{"line":16,"column":4},"end":{"line":16,"column":62}}},"fnMap":{"0":{"name":"(anonymous_0)","decl":{"start":{"line":1,"column":26},"end":{"line":1,"column":27}},"loc":{"start":{"line":1,"column":37},"end":{"line":1,"column":56}},"line":1},"1":{"name":"(anonymous_1)","decl":{"start":{"line":3,"column":25},"end":{"line":3,"column":26}},"loc":{"start":{"line":3,"column":36},"end":{"line":3,"column":54}},"line":3},"2":{"name":"(anonymous_2)","decl":{"start":{"line":5,"column":27},"end":{"line":5,"column":28}},"loc":{"start":{"line":5,"column":38},"end":{"line":5,"column":55}},"line":5},"3":{"name":"(anonymous_3)","decl":{"start":{"line":7,"column":24},"end":{"line":7,"column":25}},"loc":{"start":{"line":7,"column":35},"end":{"line":7,"column":52}},"line":7},"4":{"name":"(anonymous_4)","decl":{"start":{"line":9,"column":32},"end":{"line":9,"column":33}},"loc":{"start":{"line":9,"column":43},"end":{"line":18,"column":1}},"line":9},"5":{"name":"(anonymous_5)","decl":{"start":{"line":15,"column":22},"end":{"line":15,"column":23}},"loc":{"start":{"line":16,"column":4},"end":{"line":16,"column":62}},"line":16}},"branchMap":{"0":{"loc":{"start":{"line":13,"column":2},"end":{"line":13,"column":27}},"type":"if","locations":[{"start":{"line":13,"column":2},"end":{"line":13,"column":27}},{"start":{},"end":{}}],"line":13}},"s":{"0":3,"1":24,"2":3,"3":0,"4":3,"5":32,"6":3,"7":24,"8":3,"9":0,"10":0,"11":0,"12":0,"13":0,"14":0},"f":{"0":24,"1":0,"2":32,"3":24,"4":0,"5":0},"b":{"0":[0,0]},"_coverageSchema":"1a1c01bbd47fc00a2c39e90264f33305004495a9","hash":"d4129543c4a44d65dbc5052e7fd2f8fa9a45e543"}
,"C:\\Users\\mdanyliu\\Documents\\myDev\\Simple-mortgage-calc\\src\\redux\\banks\\index.js": {"path":"C:\\Users\\mdanyliu\\Documents\\myDev\\Simple-mortgage-calc\\src\\redux\\banks\\index.js","statementMap":{},"fnMap":{},"branchMap":{},"s":{},"f":{},"b":{},"_coverageSchema":"1a1c01bbd47fc00a2c39e90264f33305004495a9","hash":"1926b6114633801ef4c7937eff28502cbc63c37d"}
,"C:\\Users\\mdanyliu\\Documents\\myDev\\Simple-mortgage-calc\\src\\routes\\index.jsx": {"path":"C:\\Users\\mdanyliu\\Documents\\myDev\\Simple-mortgage-calc\\src\\routes\\index.jsx","statementMap":{"0":{"start":{"line":8,"column":4},"end":{"line":22,"column":5}}},"fnMap":{"0":{"name":"AppRoutes","decl":{"start":{"line":6,"column":9},"end":{"line":6,"column":18}},"loc":{"start":{"line":6,"column":21},"end":{"line":23,"column":1}},"line":6}},"branchMap":{},"s":{"0":0},"f":{"0":0},"b":{}}
,"C:\\Users\\mdanyliu\\Documents\\myDev\\Simple-mortgage-calc\\src\\service\\index.js": {"path":"C:\\Users\\mdanyliu\\Documents\\myDev\\Simple-mortgage-calc\\src\\service\\index.js","statementMap":{"0":{"start":{"line":3,"column":0},"end":{"line":3,"column":75}},"1":{"start":{"line":5,"column":19},"end":{"line":7,"column":1}},"2":{"start":{"line":6,"column":2},"end":{"line":6,"column":54}},"3":{"start":{"line":6,"column":44},"end":{"line":6,"column":53}},"4":{"start":{"line":9,"column":19},"end":{"line":11,"column":1}},"5":{"start":{"line":10,"column":2},"end":{"line":10,"column":79}},"6":{"start":{"line":10,"column":74},"end":{"line":10,"column":78}},"7":{"start":{"line":13,"column":16},"end":{"line":15,"column":1}},"8":{"start":{"line":14,"column":2},"end":{"line":14,"column":47}}},"fnMap":{"0":{"name":"(anonymous_0)","decl":{"start":{"line":5,"column":19},"end":{"line":5,"column":20}},"loc":{"start":{"line":5,"column":25},"end":{"line":7,"column":1}},"line":5},"1":{"name":"(anonymous_1)","decl":{"start":{"line":6,"column":34},"end":{"line":6,"column":35}},"loc":{"start":{"line":6,"column":44},"end":{"line":6,"column":53}},"line":6},"2":{"name":"(anonymous_2)","decl":{"start":{"line":9,"column":19},"end":{"line":9,"column":20}},"loc":{"start":{"line":9,"column":45},"end":{"line":11,"column":1}},"line":9},"3":{"name":"(anonymous_3)","decl":{"start":{"line":10,"column":60},"end":{"line":10,"column":61}},"loc":{"start":{"line":10,"column":74},"end":{"line":10,"column":78}},"line":10},"4":{"name":"(anonymous_4)","decl":{"start":{"line":13,"column":16},"end":{"line":13,"column":17}},"loc":{"start":{"line":13,"column":34},"end":{"line":15,"column":1}},"line":13}},"branchMap":{},"s":{"0":0,"1":0,"2":0,"3":0,"4":0,"5":0,"6":0,"7":0,"8":0},"f":{"0":0,"1":0,"2":0,"3":0,"4":0},"b":{}}
,"C:\\Users\\mdanyliu\\Documents\\myDev\\Simple-mortgage-calc\\src\\utils\\test-utils.js": {"path":"C:\\Users\\mdanyliu\\Documents\\myDev\\Simple-mortgage-calc\\src\\utils\\test-utils.js","statementMap":{"0":{"start":{"line":7,"column":20},"end":{"line":7,"column":27}},"1":{"start":{"line":8,"column":18},"end":{"line":8,"column":49}},"2":{"start":{"line":10,"column":21},"end":{"line":16,"column":1}},"3":{"start":{"line":18,"column":35},"end":{"line":30,"column":1}},"4":{"start":{"line":26,"column":18},"end":{"line":28,"column":3}},"5":{"start":{"line":27,"column":4},"end":{"line":27,"column":57}},"6":{"start":{"line":29,"column":2},"end":{"line":29,"column":74}},"7":{"start":{"line":32,"column":30},"end":{"line":40,"column":2}},"8":{"start":{"line":32,"column":51},"end":{"line":40,"column":1}},"9":{"start":{"line":42,"column":36},"end":{"line":49,"column":2}},"10":{"start":{"line":42,"column":69},"end":{"line":49,"column":1}}},"fnMap":{"0":{"name":"(anonymous_0)","decl":{"start":{"line":18,"column":35},"end":{"line":18,"column":36}},"loc":{"start":{"line":25,"column":5},"end":{"line":30,"column":1}},"line":25},"1":{"name":"(anonymous_1)","decl":{"start":{"line":26,"column":18},"end":{"line":26,"column":19}},"loc":{"start":{"line":26,"column":36},"end":{"line":28,"column":3}},"line":26},"2":{"name":"(anonymous_2)","decl":{"start":{"line":32,"column":30},"end":{"line":32,"column":31}},"loc":{"start":{"line":32,"column":51},"end":{"line":40,"column":1}},"line":32},"3":{"name":"(anonymous_3)","decl":{"start":{"line":42,"column":36},"end":{"line":42,"column":37}},"loc":{"start":{"line":42,"column":69},"end":{"line":49,"column":1}},"line":42}},"branchMap":{"0":{"loc":{"start":{"line":20,"column":2},"end":{"line":24,"column":8}},"type":"default-arg","locations":[{"start":{"line":24,"column":6},"end":{"line":24,"column":8}}],"line":20},"1":{"loc":{"start":{"line":21,"column":4},"end":{"line":21,"column":29}},"type":"default-arg","locations":[{"start":{"line":21,"column":17},"end":{"line":21,"column":29}}],"line":21},"2":{"loc":{"start":{"line":22,"column":4},"end":{"line":22,"column":33}},"type":"default-arg","locations":[{"start":{"line":22,"column":12},"end":{"line":22,"column":33}}],"line":22},"3":{"loc":{"start":{"line":32,"column":31},"end":{"line":32,"column":45}},"type":"default-arg","locations":[{"start":{"line":32,"column":43},"end":{"line":32,"column":45}}],"line":32},"4":{"loc":{"start":{"line":42,"column":37},"end":{"line":42,"column":47}},"type":"default-arg","locations":[{"start":{"line":42,"column":45},"end":{"line":42,"column":47}}],"line":42},"5":{"loc":{"start":{"line":42,"column":49},"end":{"line":42,"column":63}},"type":"default-arg","locations":[{"start":{"line":42,"column":61},"end":{"line":42,"column":63}}],"line":42}},"s":{"0":0,"1":0,"2":0,"3":0,"4":0,"5":0,"6":0,"7":0,"8":0,"9":0,"10":0},"f":{"0":0,"1":0,"2":0,"3":0},"b":{"0":[0],"1":[0],"2":[0],"3":[0],"4":[0],"5":[0]}}
}
