TN:
SF:src\App.js
FN:7,App
FNF:1
FNH:0
FNDA:0,App
DA:8,0
LF:1
LH:0
BRF:0
BRH:0
end_of_record
TN:
SF:src\index.js
FNF:0
FNH:0
DA:11,0
DA:12,0
DA:14,0
LF:3
LH:0
BRF:0
BRH:0
end_of_record
TN:
SF:src\components\BankCard\index.jsx
FN:29,NewBankCard
FN:43,(anonymous_1)
FN:45,(anonymous_2)
FN:52,(anonymous_3)
FN:56,(anonymous_4)
FN:57,(anonymous_5)
FN:80,(anonymous_6)
FN:91,(anonymous_7)
FNF:8
FNH:6
FNDA:35,NewBankCard
FNDA:22,(anonymous_1)
FNDA:22,(anonymous_2)
FNDA:5,(anonymous_3)
FNDA:1,(anonymous_4)
FNDA:1,(anonymous_5)
FNDA:0,(anonymous_6)
FNDA:0,(anonymous_7)
DA:10,2
DA:30,35
DA:37,35
DA:39,35
DA:40,35
DA:41,35
DA:43,35
DA:44,22
DA:45,22
DA:49,22
DA:52,35
DA:53,5
DA:54,5
DA:56,5
DA:57,1
DA:59,5
DA:60,5
DA:62,1
DA:63,1
DA:64,1
DA:67,0
DA:68,0
DA:69,0
DA:72,4
DA:73,4
DA:74,4
DA:76,0
DA:80,35
DA:81,0
DA:88,0
DA:91,35
DA:92,0
DA:94,0
DA:95,0
DA:99,35
LF:35
LH:26
BRDA:62,0,0,1
BRDA:62,0,1,0
BRDA:72,1,0,4
BRDA:72,1,1,0
BRDA:94,2,0,0
BRDA:94,2,1,0
BRDA:101,3,0,35
BRDA:101,3,1,5
BRF:8
BRH:4
end_of_record
TN:
SF:src\components\ErrorBoundary\index.jsx
FN:5,(anonymous_0)
FN:10,(anonymous_1)
FN:14,(anonymous_2)
FN:26,(anonymous_3)
FN:30,(anonymous_4)
FN:50,(anonymous_5)
FNF:6
FNH:5
FNDA:9,(anonymous_0)
FNDA:8,(anonymous_1)
FNDA:8,(anonymous_2)
FNDA:1,(anonymous_3)
FNDA:26,(anonymous_4)
FNDA:0,(anonymous_5)
DA:6,9
DA:7,8
DA:11,8
DA:15,8
DA:21,8
DA:22,2
DA:26,8
DA:27,1
DA:31,26
DA:32,17
DA:50,0
DA:78,9
LF:12
LH:11
BRDA:21,0,0,2
BRDA:21,0,1,6
BRDA:31,1,0,17
BRDA:31,1,1,9
BRDA:56,2,0,17
BRDA:56,2,1,4
BRDA:56,2,2,2
BRF:7
BRH:7
end_of_record
TN:
SF:src\hooks\useAuth\index.js
FN:4,useAuth
FNF:1
FNH:0
FNDA:0,useAuth
DA:5,0
LF:1
LH:0
BRF:0
BRH:0
end_of_record
TN:
SF:src\pages\Banks\index.jsx
FN:26,Banks
FN:34,(anonymous_1)
FN:38,(anonymous_2)
FN:42,(anonymous_3)
FN:46,(anonymous_4)
FN:119,(anonymous_5)
FN:137,(anonymous_6)
FNF:7
FNH:3
FNDA:13,Banks
FNDA:1,(anonymous_1)
FNDA:0,(anonymous_2)
FNDA:0,(anonymous_3)
FNDA:0,(anonymous_4)
FNDA:20,(anonymous_5)
FNDA:0,(anonymous_6)
DA:27,13
DA:28,12
DA:29,12
DA:30,12
DA:32,12
DA:34,12
DA:35,1
DA:38,12
DA:39,0
DA:42,12
DA:43,0
DA:46,12
DA:47,0
DA:48,0
DA:52,12
DA:53,1
DA:60,11
DA:120,20
DA:137,0
LF:19
LH:14
BRDA:47,0,0,0
BRDA:47,0,1,0
BRDA:52,1,0,1
BRDA:52,1,1,11
BRDA:76,2,0,11
BRDA:76,2,1,1
BRDA:82,3,0,11
BRDA:82,3,1,0
BRDA:86,4,0,1
BRDA:86,4,1,10
BRDA:86,5,0,11
BRDA:86,5,1,1
BRF:12
BRH:9
end_of_record
TN:
SF:src\pages\Calc\index.jsx
FN:23,(anonymous_0)
FN:35,Calc
FN:52,(anonymous_2)
FN:56,(anonymous_3)
FN:57,(anonymous_4)
FN:65,(anonymous_5)
FN:69,(anonymous_6)
FN:80,(anonymous_7)
FN:115,(anonymous_8)
FN:130,(anonymous_9)
FN:175,(anonymous_10)
FN:199,(anonymous_11)
FN:210,(anonymous_12)
FN:221,(anonymous_13)
FN:232,(anonymous_14)
FNF:15
FNH:3
FNDA:0,(anonymous_0)
FNDA:13,Calc
FNDA:12,(anonymous_2)
FNDA:0,(anonymous_3)
FNDA:0,(anonymous_4)
FNDA:0,(anonymous_5)
FNDA:0,(anonymous_6)
FNDA:0,(anonymous_7)
FNDA:0,(anonymous_8)
FNDA:0,(anonymous_9)
FNDA:10,(anonymous_10)
FNDA:0,(anonymous_11)
FNDA:0,(anonymous_12)
FNDA:0,(anonymous_13)
FNDA:0,(anonymous_14)
DA:23,1
DA:24,0
DA:26,0
DA:27,0
DA:29,0
DA:31,0
DA:36,13
DA:37,12
DA:38,12
DA:39,12
DA:41,12
DA:47,12
DA:48,12
DA:49,12
DA:50,12
DA:52,12
DA:53,12
DA:56,12
DA:57,0
DA:61,0
DA:62,0
DA:65,12
DA:66,0
DA:67,0
DA:69,0
DA:70,0
DA:71,0
DA:80,12
DA:81,0
DA:83,0
DA:84,0
DA:85,0
DA:88,0
DA:89,0
DA:90,0
DA:93,0
DA:94,0
DA:95,0
DA:98,0
DA:99,0
DA:100,0
DA:103,0
DA:104,0
DA:105,0
DA:108,0
DA:109,0
DA:112,0
DA:115,12
DA:116,0
DA:118,0
DA:120,0
DA:121,0
DA:127,0
DA:130,12
DA:131,0
DA:137,0
DA:138,0
DA:139,0
DA:140,0
DA:143,12
DA:144,1
DA:151,11
DA:152,1
DA:159,10
DA:176,10
DA:199,0
DA:210,0
DA:221,0
DA:232,0
LF:69
LH:23
BRDA:24,0,0,0
BRDA:24,0,1,0
BRDA:24,1,0,0
BRDA:24,1,1,0
BRDA:24,1,2,0
BRDA:29,2,0,0
BRDA:29,2,1,0
BRDA:70,3,0,0
BRDA:70,3,1,0
BRDA:83,4,0,0
BRDA:83,4,1,0
BRDA:83,5,0,0
BRDA:83,5,1,0
BRDA:83,5,2,0
BRDA:83,5,3,0
BRDA:88,6,0,0
BRDA:88,6,1,0
BRDA:88,7,0,0
BRDA:88,7,1,0
BRDA:93,8,0,0
BRDA:93,8,1,0
BRDA:98,9,0,0
BRDA:98,9,1,0
BRDA:103,10,0,0
BRDA:103,10,1,0
BRDA:108,11,0,0
BRDA:108,11,1,0
BRDA:118,12,0,0
BRDA:118,12,1,0
BRDA:143,13,0,1
BRDA:143,13,1,11
BRDA:151,14,0,1
BRDA:151,14,1,10
BRDA:181,15,0,10
BRDA:181,15,1,0
BRDA:187,16,0,10
BRDA:187,16,1,0
BRDA:268,17,0,10
BRDA:268,17,1,0
BRDA:270,18,0,0
BRDA:270,18,1,0
BRF:41
BRH:7
end_of_record
TN:
SF:src\pages\Home\index.jsx
FN:8,Home
FNF:1
FNH:0
FNDA:0,Home
DA:10,0
LF:1
LH:0
BRF:0
BRH:0
end_of_record
TN:
SF:src\pages\Modal\index.jsx
FN:22,AddBankModal
FN:25,(anonymous_1)
FNF:2
FNH:0
FNDA:0,AddBankModal
FNDA:0,(anonymous_1)
DA:7,1
DA:23,0
DA:25,0
DA:26,0
DA:27,0
DA:30,0
LF:6
LH:1
BRF:0
BRH:0
end_of_record
TN:
SF:src\redux\store.js
FN:17,(anonymous_0)
FNF:1
FNH:0
FNDA:0,(anonymous_0)
DA:13,0
DA:18,0
LF:2
LH:0
BRF:0
BRH:0
end_of_record
TN:
SF:src\redux\banks\banks-actions.js
FNF:0
FNH:0
DA:3,2
LF:1
LH:1
BRF:0
BRH:0
end_of_record
TN:
SF:src\redux\banks\banks-operations.js
FN:8,(anonymous_0)
FN:20,(anonymous_1)
FN:41,(anonymous_2)
FNF:3
FNH:0
FNDA:0,(anonymous_0)
FNDA:0,(anonymous_1)
FNDA:0,(anonymous_2)
DA:4,0
DA:6,0
DA:9,0
DA:10,0
DA:11,0
DA:13,0
DA:18,0
DA:24,0
DA:25,0
DA:32,0
DA:34,0
DA:39,0
DA:42,0
DA:43,0
DA:44,0
DA:46,0
LF:16
LH:0
BRF:0
BRH:0
end_of_record
TN:
SF:src\redux\banks\banks-reducer.js
FN:6,(anonymous_0)
FN:7,(anonymous_1)
FN:11,(anonymous_2)
FN:12,(anonymous_3)
FN:16,(anonymous_4)
FN:17,(anonymous_5)
FN:18,(anonymous_6)
FN:19,(anonymous_7)
FN:20,(anonymous_8)
FN:21,(anonymous_9)
FN:22,(anonymous_10)
FN:23,(anonymous_11)
FN:24,(anonymous_12)
FN:28,(anonymous_13)
FN:32,(anonymous_14)
FN:33,(anonymous_15)
FN:34,(anonymous_16)
FN:35,(anonymous_17)
FN:36,(anonymous_18)
FN:37,(anonymous_19)
FNF:20
FNH:0
FNDA:0,(anonymous_0)
FNDA:0,(anonymous_1)
FNDA:0,(anonymous_2)
FNDA:0,(anonymous_3)
FNDA:0,(anonymous_4)
FNDA:0,(anonymous_5)
FNDA:0,(anonymous_6)
FNDA:0,(anonymous_7)
FNDA:0,(anonymous_8)
FNDA:0,(anonymous_9)
FNDA:0,(anonymous_10)
FNDA:0,(anonymous_11)
FNDA:0,(anonymous_12)
FNDA:0,(anonymous_13)
FNDA:0,(anonymous_14)
FNDA:0,(anonymous_15)
FNDA:0,(anonymous_16)
FNDA:0,(anonymous_17)
FNDA:0,(anonymous_18)
FNDA:0,(anonymous_19)
DA:5,0
DA:6,0
DA:7,0
DA:12,0
DA:15,0
DA:16,0
DA:17,0
DA:18,0
DA:19,0
DA:20,0
DA:21,0
DA:22,0
DA:23,0
DA:24,0
DA:27,0
DA:28,0
DA:31,0
DA:32,0
DA:33,0
DA:34,0
DA:35,0
DA:36,0
DA:37,0
LF:23
LH:0
BRF:0
BRH:0
end_of_record
TN:
SF:src\redux\banks\banks-selectors.js
FN:1,(anonymous_0)
FN:3,(anonymous_1)
FN:5,(anonymous_2)
FN:7,(anonymous_3)
FN:9,(anonymous_4)
FN:15,(anonymous_5)
FNF:6
FNH:3
FNDA:24,(anonymous_0)
FNDA:0,(anonymous_1)
FNDA:32,(anonymous_2)
FNDA:24,(anonymous_3)
FNDA:0,(anonymous_4)
FNDA:0,(anonymous_5)
DA:1,24
DA:3,3
DA:5,32
DA:7,24
DA:9,3
DA:10,0
DA:11,0
DA:13,0
DA:15,0
DA:16,0
LF:10
LH:5
BRDA:13,0,0,0
BRDA:13,0,1,0
BRF:2
BRH:0
end_of_record
TN:
SF:src\redux\banks\index.js
FNF:0
FNH:0
LF:0
LH:0
BRF:0
BRH:0
end_of_record
TN:
SF:src\routes\index.jsx
FN:6,AppRoutes
FNF:1
FNH:0
FNDA:0,AppRoutes
DA:8,0
LF:1
LH:0
BRF:0
BRH:0
end_of_record
TN:
SF:src\service\index.js
FN:5,(anonymous_0)
FN:6,(anonymous_1)
FN:9,(anonymous_2)
FN:10,(anonymous_3)
FN:13,(anonymous_4)
FNF:5
FNH:0
FNDA:0,(anonymous_0)
FNDA:0,(anonymous_1)
FNDA:0,(anonymous_2)
FNDA:0,(anonymous_3)
FNDA:0,(anonymous_4)
DA:3,0
DA:5,0
DA:6,0
DA:9,0
DA:10,0
DA:13,0
DA:14,0
LF:7
LH:0
BRF:0
BRH:0
end_of_record
TN:
SF:src\utils\test-utils.js
FN:18,(anonymous_0)
FN:26,(anonymous_1)
FN:32,(anonymous_2)
FN:42,(anonymous_3)
FNF:4
FNH:0
FNDA:0,(anonymous_0)
FNDA:0,(anonymous_1)
FNDA:0,(anonymous_2)
FNDA:0,(anonymous_3)
DA:7,0
DA:8,0
DA:10,0
DA:18,0
DA:26,0
DA:27,0
DA:29,0
DA:32,0
DA:42,0
LF:9
LH:0
BRDA:20,0,0,0
BRDA:21,1,0,0
BRDA:22,2,0,0
BRDA:32,3,0,0
BRDA:42,4,0,0
BRDA:42,5,0,0
BRF:6
BRH:0
end_of_record
